<?xml version="1.0" encoding="UTF-8"?>
<testng-results ignored="0" total="3" passed="3" failed="0" skipped="0">
  <reporter-output>
  </reporter-output>
  <suite started-at="2019-02-18T10:30:55 CET" name="com.bajdas.tygryski.AppTest" finished-at="2019-02-18T10:30:55 CET" duration-ms="256">
    <groups>
    </groups>
    <test started-at="2019-02-18T10:30:55 CET" name="Command line test" finished-at="2019-02-18T10:30:55 CET" duration-ms="256">
      <class name="com.bajdas.tygryski.AppTest">
        <test-method is-config="true" signature="setUp()[pri:0, instance:com.bajdas.tygryski.AppTest@45018215]" started-at="2019-02-18T10:30:55 CET" name="setUp" finished-at="2019-02-18T10:30:55 CET" duration-ms="5" status="PASS">
          <reporter-output>
          </reporter-output>
        </test-method> <!-- setUp -->
        <test-method signature="classHasThreeMethods()[pri:0, instance:com.bajdas.tygryski.AppTest@45018215]" started-at="2019-02-18T10:30:55 CET" name="classHasThreeMethods" finished-at="2019-02-18T10:30:55 CET" duration-ms="2" status="PASS">
          <reporter-output>
          </reporter-output>
        </test-method> <!-- classHasThreeMethods -->
        <test-method is-config="true" signature="setUp()[pri:0, instance:com.bajdas.tygryski.AppTest@45018215]" started-at="2019-02-18T10:30:55 CET" name="setUp" finished-at="2019-02-18T10:30:55 CET" duration-ms="1" status="PASS">
          <reporter-output>
          </reporter-output>
        </test-method> <!-- setUp -->
        <test-method signature="classHasTwoRunAnnotatedMethods()[pri:0, instance:com.bajdas.tygryski.AppTest@45018215]" started-at="2019-02-18T10:30:55 CET" name="classHasTwoRunAnnotatedMethods" finished-at="2019-02-18T10:30:55 CET" duration-ms="1" status="PASS">
          <reporter-output>
          </reporter-output>
        </test-method> <!-- classHasTwoRunAnnotatedMethods -->
        <test-method signature="executeOnlyAnnotatedMethods()[pri:0, instance:com.bajdas.tygryski.AppTest@45018215]" started-at="2019-02-18T10:30:55 CET" name="executeOnlyAnnotatedMethods" finished-at="2019-02-18T10:30:55 CET" duration-ms="232" status="PASS">
          <reporter-output>
          </reporter-output>
        </test-method> <!-- executeOnlyAnnotatedMethods -->
        <test-method is-config="true" signature="setUp()[pri:0, instance:com.bajdas.tygryski.AppTest@45018215]" started-at="2019-02-18T10:30:55 CET" name="setUp" finished-at="2019-02-18T10:30:55 CET" duration-ms="0" status="PASS">
          <reporter-output>
          </reporter-output>
        </test-method> <!-- setUp -->
      </class> <!-- com.bajdas.tygryski.AppTest -->
    </test> <!-- Command line test -->
  </suite> <!-- com.bajdas.tygryski.AppTest -->
</testng-results>
