<?xml version="1.0" encoding="UTF-8"?>
<!-- Generated by org.testng.reporters.JUnitXMLReporter -->
<testsuite ignored="0" hostname="sbajdas-OptiPlex-7020" failures="0" tests="3" name="Command line test" time="0.256" errors="0" timestamp="2019-02-18T10:30:55 CET">
  <testcase classname="com.bajdas.tygryski.AppTest" name="classHasThreeMethods" time="0.002"/>
  <testcase classname="com.bajdas.tygryski.AppTest" name="classHasTwoRunAnnotatedMethods" time="0.001"/>
  <testcase classname="com.bajdas.tygryski.AppTest" name="executeOnlyAnnotatedMethods" time="0.232"/>
</testsuite> <!-- Command line test -->
